0 info it worked if it ends with ok
1 verbose cli [ '/usr/bin/node', '/usr/bin/npm', 'install', '-g', 'bonescript' ]
2 info using npm@2.15.1
3 info using node@v0.12.17
4 verbose node symlink /usr/bin/node
5 verbose install initial load of /usr/local/lib/package.json
6 verbose readDependencies loading dependencies from /usr/local/lib/package.json
7 silly cache add args [ 'bonescript', null ]
8 verbose cache add spec bonescript
9 silly cache add parsed spec { raw: 'bonescript',
9 silly cache add   scope: null,
9 silly cache add   name: 'bonescript',
9 silly cache add   rawSpec: '',
9 silly cache add   spec: 'latest',
9 silly cache add   type: 'tag' }
10 silly addNamed bonescript@latest
11 verbose addNamed "latest" is being treated as a dist-tag for bonescript
12 info addNameTag [ 'bonescript', 'latest' ]
13 silly mapToRegistry name bonescript
14 silly mapToRegistry using default registry
15 silly mapToRegistry registry https://registry.npmjs.org/
16 silly mapToRegistry data { raw: 'bonescript',
16 silly mapToRegistry   scope: null,
16 silly mapToRegistry   name: 'bonescript',
16 silly mapToRegistry   rawSpec: '',
16 silly mapToRegistry   spec: 'latest',
16 silly mapToRegistry   type: 'tag' }
17 silly mapToRegistry uri https://registry.npmjs.org/bonescript
18 verbose addNameTag registry:https://registry.npmjs.org/bonescript not in flight; fetching
19 verbose request uri https://registry.npmjs.org/bonescript
20 verbose request no auth needed
21 info attempt registry request try #1 at 5:11:21 PM
22 verbose request id 956625224d93c1cf
23 http request GET https://registry.npmjs.org/bonescript
24 info retry will retry, error on last attempt: Error: getaddrinfo ENOTFOUND registry.npmjs.org
25 info attempt registry request try #2 at 5:11:32 PM
26 http request GET https://registry.npmjs.org/bonescript
27 info retry will retry, error on last attempt: Error: getaddrinfo ENOTFOUND registry.npmjs.org
28 info attempt registry request try #3 at 5:12:32 PM
29 http request GET https://registry.npmjs.org/bonescript
30 verbose stack Error: getaddrinfo ENOTFOUND registry.npmjs.org
30 verbose stack     at errnoException (dns.js:44:10)
30 verbose stack     at GetAddrInfoReqWrap.onlookup [as oncomplete] (dns.js:94:26)
31 verbose cwd /home/Lab1
32 error Linux 4.4.30-ti-r64
33 error argv "/usr/bin/node" "/usr/bin/npm" "install" "-g" "bonescript"
34 error node v0.12.17
35 error npm  v2.15.1
36 error code ENOTFOUND
37 error errno ENOTFOUND
38 error syscall getaddrinfo
39 error network getaddrinfo ENOTFOUND registry.npmjs.org
39 error network This is most likely not a problem with npm itself
39 error network and is related to network connectivity.
39 error network In most cases you are behind a proxy or have bad network settings.
39 error network
39 error network If you are behind a proxy, please make sure that the
39 error network 'proxy' config is set properly.  See: 'npm help config'
40 verbose exit [ 1, true ]
